[2015-03-02 21:03:50] START
[2015-03-02 21:03:50] EDIT polza/controllers/transs.py: 3
[2015-03-02 21:04:43] EDIT polza/controllers/transs.py: -2
[2015-03-02 23:08:30] EDIT polza/controllers/transs.py: 1
[2015-03-02 23:10:20] EDIT polza/controllers/transs.py: -1
[2015-03-02 23:10:39] EDIT polza/controllers/transs.py: 1
[2015-03-02 23:18:21] EDIT polza/controllers/transs.py: 2
[2015-03-02 23:18:58] EDIT polza/controllers/transs.py: 0
[2015-03-02 23:20:55] EDIT polza/controllers/transs.py: 0
[2015-03-03 08:34:40] EDIT polza/controllers/transs.py: 0
[2015-03-03 08:39:19] EDIT polza/controllers/transs.py: 4
[2015-03-03 08:40:55] EDIT polza/controllers/transs.py: 0
[2015-03-03 08:47:17] EDIT polza/controllers/transs.py: 0
[2015-03-03 08:51:04] EDIT polza/controllers/transs.py: 1
[2015-03-03 08:56:09] EDIT polza/controllers/transs.py: 0
[2015-03-03 09:03:34] EDIT polza/controllers/transs.py: 0
[2015-03-03 09:26:07] EDIT polza/controllers/default.py: 1
[2015-03-03 09:31:45] EDIT polza/controllers/membs.py: 1
[2015-03-03 09:33:17] EDIT polza/controllers/membs.py: 0
[2015-03-03 09:36:14] EDIT polza/controllers/membs.py: 2
[2015-03-08 21:06:56] EDIT polza/models/db.py: 1
[2015-03-08 21:07:45] EDIT polza/models/db.py: 0
[2015-03-08 21:07:59] EDIT polza/models/db.py: 0
[2015-03-08 21:10:42] EDIT polza/controllers/progs.py: 1
[2015-03-08 21:10:48] EDIT polza/controllers/progs.py: 0
[2015-03-08 21:11:19] EDIT polza/controllers/progs.py: 0
[2015-03-08 21:11:30] EDIT polza/controllers/progs.py: 0
[2015-03-08 21:11:57] EDIT polza/controllers/progs.py: 0
[2015-03-08 21:13:13] EDIT polza/controllers/progs.py: 0
[2015-03-08 21:13:30] EDIT polza/controllers/progs.py: 0
[2015-03-08 21:13:34] EDIT polza/controllers/progs.py: 0
[2015-03-08 21:14:10] EDIT polza/controllers/progs.py: 0
[2015-03-08 21:14:17] EDIT polza/controllers/progs.py: 0
[2015-03-08 21:14:33] EDIT polza/controllers/progs.py: 0
[2015-03-08 21:14:42] EDIT polza/controllers/progs.py: 0
[2015-03-08 21:16:40] EDIT polza/controllers/progs.py: 0
[2015-03-08 21:16:52] EDIT polza/controllers/progs.py: 0
[2015-03-08 21:18:06] EDIT polza/controllers/progs.py: 0
[2015-03-08 21:18:13] EDIT polza/controllers/progs.py: 0
[2015-03-08 21:19:20] EDIT polza/controllers/progs.py: 0
[2015-03-08 21:19:43] EDIT polza/controllers/progs.py: 0
[2015-03-08 21:20:17] EDIT polza/controllers/progs.py: 0
[2015-03-08 21:20:33] EDIT polza/controllers/progs.py: 0
[2015-03-08 21:25:27] EDIT polza/controllers/progs.py: 1
[2015-03-08 21:26:30] EDIT polza/controllers/progs.py: 1
[2015-03-08 21:28:20] EDIT polza/controllers/progs.py: 7
[2015-03-08 21:29:04] EDIT polza/controllers/progs.py: 0
[2015-03-08 21:29:32] EDIT polza/controllers/progs.py: -2
[2015-03-09 22:14:09] EDIT polza/controllers/progs.py: 0
[2015-03-09 22:14:46] EDIT polza/controllers/progs.py: 0
[2015-03-09 22:15:22] EDIT polza/controllers/progs.py: 0
[2015-03-09 22:16:58] EDIT polza/controllers/progs.py: 0
[2015-03-09 22:17:42] EDIT polza/controllers/progs.py: 0
[2015-03-09 22:18:02] EDIT polza/controllers/progs.py: 0
[2015-03-09 22:18:21] EDIT polza/controllers/progs.py: 0
[2015-03-09 22:18:35] EDIT polza/controllers/progs.py: 0
[2015-03-09 22:18:51] EDIT polza/controllers/progs.py: 0
[2015-03-09 22:20:23] EDIT polza/controllers/progs.py: 1
[2015-03-09 22:20:48] EDIT polza/controllers/progs.py: 0
[2015-03-09 22:21:14] EDIT polza/controllers/progs.py: 0
[2015-03-09 22:22:44] EDIT polza/controllers/progs.py: 0
[2015-03-09 22:23:21] EDIT polza/controllers/progs.py: 0
[2015-03-09 22:23:40] EDIT polza/controllers/progs.py: 0
[2015-03-09 22:24:26] EDIT polza/controllers/progs.py: 0
[2015-03-09 22:25:18] EDIT polza/controllers/progs.py: 0
[2015-03-09 22:25:52] EDIT polza/controllers/progs.py: 0
[2015-03-18 11:08:25] EDIT polza/models/db.py: 1
[2015-03-18 11:08:50] EDIT polza/models/db.py: 0
[2015-03-18 11:10:39] EDIT polza/models/db.py: 0
[2015-03-18 11:11:37] EDIT polza/controllers/projects.py: 1
[2015-05-04 17:42:34] EDIT polza/views/default/index.html: 0
[2015-05-04 17:48:44] EDIT polza/views/default/profit.html: 0
[2015-05-16 21:29:05] EDIT polza/controllers/transs.py: 3
[2015-05-16 21:33:45] EDIT polza/controllers/transs.py: 8
[2015-05-16 21:35:35] EDIT polza/controllers/transs.py: 2
[2015-05-16 21:36:04] EDIT polza/controllers/transs.py: 0
[2015-05-16 21:39:33] EDIT polza/controllers/progs.py: 2
[2015-05-16 21:40:18] EDIT polza/controllers/progs.py: 2
[2015-05-16 21:43:13] EDIT polza/controllers/progs.py: 7
[2015-05-16 21:45:17] EDIT polza/controllers/transs.py: -2
[2015-05-28 13:41:40] EDIT polza/views/default/index.html: 2
[2015-05-28 13:42:10] EDIT polza/views/default/index.html: 0
[2015-05-28 13:43:41] EDIT polza/views/default/index.html: 0
[2015-06-20 08:36:58] EDIT polza/controllers/law.py: -1
[2015-06-20 08:41:35] EDIT polza/views/default/index.html: 1
[2015-06-20 08:42:14] EDIT polza/views/default/index.html: 1
[2015-07-03 23:13:51] EDIT polza/models/db.py: 1
[2015-07-04 00:02:31] EDIT polza/models/db.py: -1
[2015-08-15 07:26:33] EDIT polza/views/default/index.html: 2
[2015-08-15 07:26:44] EDIT polza/views/default/index.html: 0
[2015-11-17 13:00:48] EDIT polza/controllers/membs.py: 1
[2015-11-17 13:01:04] EDIT polza/controllers/membs.py: 1
[2015-11-17 13:12:23] EDIT polza/controllers/transs.py: 3
[2015-11-17 13:13:36] EDIT polza/controllers/transs.py: 3
[2015-11-17 13:13:52] EDIT polza/controllers/transs.py: 0
[2015-11-17 13:17:32] EDIT polza/controllers/news.py: 3
[2015-11-17 13:20:27] EDIT polza/controllers/membs.py: 1
[2015-11-17 13:23:08] EDIT polza/controllers/membs.py: 1
[2015-11-17 13:24:34] EDIT polza/controllers/membs.py: -1
[2015-11-17 13:25:30] EDIT polza/controllers/membs.py: 0
[2015-11-17 13:26:13] EDIT polza/controllers/membs.py: -1
[2015-12-18 09:43:04] EDIT polza2/models/db.py: 0
[2015-12-18 09:45:30] EDIT polza2/models/db.py: 10
[2015-12-18 09:45:54] EDIT polza2/models/0.py: 1
[2015-12-18 09:47:18] EDIT polza2/views/more/talks.html: -15
[2015-12-18 09:52:06] EDIT polza2/views/default/about.html: 0
[2015-12-18 09:54:45] EDIT polza2/views/default/about.html: 0
[2015-12-18 09:55:58] EDIT polza2/controllers/default.py: 53
[2015-12-18 09:59:14] EDIT polza2/views/generic.html: 0
[2015-12-18 10:06:23] EDIT polza2/controllers/default.py: -12
[2015-12-18 10:08:59] EDIT polza2/controllers/default.py: 0
[2015-12-18 10:16:03] EDIT polza2/controllers/default.py: 0
[2015-12-18 10:17:38] EDIT polza2/controllers/default.py: -10
[2015-12-18 10:17:43] EDIT polza2/controllers/default.py: -1
[2015-12-18 10:17:47] EDIT polza2/controllers/default.py: 0
[2015-12-18 10:19:31] EDIT polza2/controllers/default.py: 0
[2015-12-18 10:20:03] EDIT polza2/controllers/default.py: 0
[2015-12-18 10:22:56] EDIT polza2/controllers/default.py: 2
[2015-12-18 10:23:04] EDIT polza2/controllers/default.py: -1
[2015-12-18 10:23:17] EDIT polza2/controllers/default.py: 0
[2015-12-18 10:23:40] EDIT polza2/controllers/default.py: 0
[2015-12-18 10:24:22] EDIT polza2/controllers/default.py: 0
[2015-12-18 10:24:59] EDIT polza2/controllers/default.py: -1
[2015-12-18 10:25:02] EDIT polza2/controllers/default.py: 0
[2015-12-18 10:25:33] EDIT polza2/controllers/default.py: 0
[2015-12-18 10:25:42] EDIT polza2/controllers/default.py: 1
[2015-12-18 10:26:25] EDIT polza2/controllers/default.py: 0
[2015-12-18 10:27:26] EDIT polza2/controllers/default.py: 0
[2015-12-18 10:28:27] EDIT polza2/controllers/default.py: 0
[2015-12-18 10:28:53] EDIT polza2/controllers/default.py: 0
[2015-12-18 10:29:09] EDIT polza2/controllers/default.py: 0
[2015-12-18 10:29:28] EDIT polza2/controllers/default.py: 0
[2015-12-18 10:29:43] EDIT polza2/controllers/default.py: 0
[2015-12-18 10:30:16] EDIT polza2/controllers/default.py: 0
[2015-12-18 10:31:41] EDIT polza2/controllers/default.py: 1
[2015-12-18 10:32:29] EDIT polza2/controllers/default.py: 0
[2015-12-18 10:32:46] EDIT polza2/controllers/default.py: 0
[2015-12-18 10:33:01] EDIT polza2/controllers/default.py: 0
[2015-12-18 10:33:33] EDIT polza2/controllers/default.py: 0
[2015-12-18 10:33:48] EDIT polza2/controllers/default.py: 0
[2015-12-18 10:34:45] EDIT polza2/controllers/default.py: 0
[2015-12-18 10:35:09] EDIT polza2/controllers/default.py: 0
[2015-12-18 10:35:31] EDIT polza2/controllers/default.py: 0
[2015-12-18 10:35:50] EDIT polza2/controllers/default.py: 0
[2015-12-18 10:36:57] EDIT polza2/views/default/conts.html: -11
[2015-12-18 10:37:35] EDIT polza2/controllers/default.py: 11
[2015-12-18 10:37:52] EDIT polza2/controllers/default.py: 0
[2015-12-18 10:38:47] EDIT polza2/controllers/default.py: 0
[2015-12-18 10:40:21] EDIT polza2/controllers/default.py: 39
[2015-12-18 10:42:25] EDIT polza2/controllers/default.py: 11
[2015-12-18 10:45:32] EDIT polza2/controllers/default.py: 1
[2015-12-18 10:46:06] EDIT polza2/controllers/default.py: 0
[2015-12-18 10:46:52] EDIT polza2/controllers/default.py: 0
[2015-12-18 10:47:01] EDIT polza2/controllers/default.py: 0
[2015-12-18 10:49:19] EDIT polza2/controllers/default.py: 7
[2015-12-18 10:49:45] EDIT polza2/controllers/default.py: 0
[2015-12-18 10:50:47] EDIT polza2/controllers/default.py: 6
[2015-12-18 10:51:34] EDIT polza2/controllers/default.py: 50
[2015-12-18 10:52:18] EDIT polza2/controllers/default.py: -2
[2015-12-18 10:55:34] EDIT polza2/controllers/default.py: -1
[2015-12-18 10:57:53] EDIT polza2/controllers/default.py: -36
[2015-12-18 10:59:56] EDIT polza2/controllers/default.py: 2
[2015-12-18 11:01:29] EDIT polza2/controllers/default.py: 0
[2015-12-18 11:02:36] EDIT polza2/controllers/default.py: 0
[2015-12-18 11:04:29] EDIT polza2/models/menu.py: 0
[2015-12-18 11:04:44] EDIT polza2/controllers/default.py: 0
[2015-12-18 11:05:14] EDIT polza2/controllers/default.py: 0
[2015-12-18 11:09:39] EDIT polza2/models/0.py: 1
[2015-12-18 11:24:34] EDIT polza2/models/db.py: 1
[2015-12-18 11:26:47] EDIT polza2/models/db.py: 1
[2015-12-18 11:27:12] EDIT polza2/models/db.py: -1
[2015-12-18 11:29:11] EDIT polza2/controllers/progs.py: 1
[2015-12-18 11:30:27] EDIT polza2/controllers/progs.py: 1
[2015-12-18 11:30:53] EDIT polza2/controllers/progs.py: 0
[2015-12-18 11:30:58] EDIT polza2/controllers/progs.py: 0
[2015-12-18 11:34:09] EDIT polza2/controllers/progs.py: 0
[2015-12-18 11:35:22] EDIT polza2/controllers/progs.py: 0
[2016-10-09 17:19:53] EDIT polza2/views/layout.html: -1
[2016-10-09 17:21:07] EDIT polza2/models/menu.py: -4
[2016-12-25 20:09:47] EDIT polza2/controllers/transs.py: 8
[2016-12-25 20:11:24] EDIT polza2/models/0.py: -1
[2016-12-25 20:13:44] EDIT polza2/controllers/transs.py: 0
[2016-12-25 20:13:49] EDIT polza2/controllers/transs.py: 0
[2017-01-08 23:15:06] EDIT polza2/views/projects/index.html: 0
[2017-01-15 07:29:59] EDIT polza2/controllers/default.py: 1
[2017-01-15 07:31:12] EDIT polza2/controllers/default.py: 0
[2017-01-15 07:31:29] EDIT polza2/controllers/default.py: 0
[2017-01-15 07:32:53] EDIT polza2/controllers/default.py: 0
